#
# A fatal error has been detected by the Java Runtime Environment:
#
#  EXCEPTION_ACCESS_VIOLATION (0xc0000005) at pc=0x0000000051b15bd8, pid=2328, tid=0x0000000000001c10
#
# JRE version: Java(TM) SE Runtime Environment (8.0_111-b14) (build 1.8.0_111-b14)
# Java VM: Java HotSpot(TM) 64-Bit Server VM (25.111-b14 mixed mode windows-amd64 compressed oops)
# Problematic frame:
# C  [nvoglv64.DLL+0x795bd8]
#
# Failed to write core dump. Minidumps are not enabled by default on client versions of Windows
#
# If you would like to submit a bug report, please visit:
#   http://bugreport.java.com/bugreport/crash.jsp
# The crash happened outside the Java Virtual Machine in native code.
# See problematic frame for where to report the bug.
#

---------------  T H R E A D  ---------------

Current thread (0x0000000018050000):  JavaThread "AWT-EventQueue-0" [_thread_in_native, id=7184, stack(0x0000000018f20000,0x0000000019020000)]

siginfo: ExceptionCode=0xc0000005, reading address 0x0000000000000018

Registers:
RAX=0x0000000000000000, RBX=0x000000001901db60, RCX=0x000000001a320000, RDX=0x000000001bcbe580
RSP=0x000000001901da70, RBP=0x000000001bcbfe70, RSI=0x000000001bcbfe70, RDI=0x00000000e625f970
R8 =0x000000001bcbfe70, R9 =0x0000000000000000, R10=0x000000000000000c, R11=0x000000001a320000
R12=0x0000000051b899c0, R13=0x0000000000000003, R14=0x0000000000000001, R15=0x000000001a320000
RIP=0x0000000051b15bd8, EFLAGS=0x0000000000010246

Top of Stack: (sp=0x000000001901da70)
0x000000001901da70:   000000000000000b 000000006451ef20
0x000000001901da80:   0000000054440088 0000005000000000
0x000000001901da90:   0000000000000054 0000000000000000
0x000000001901daa0:   0000000000000000 00000000186aed00
0x000000001901dab0:   0000000000000054 0000000000000100
0x000000001901dac0:   0000000000000000 0000000000000100
0x000000001901dad0:   0000000000000009 000007fefd5d133c
0x000000001901dae0:   0000000018050000 000000005403aeb6
0x000000001901daf0:   0000000017459bc0 0000000051894782
0x000000001901db00:   00000000186aecf0 0000000053f2d4ea
0x000000001901db10:   00000000021b75d0 000000001901dca0
0x000000001901db20:   0000000000000000 0000000051b17aa3
0x000000001901db30:   00000000e625f970 0000000000000000
0x000000001901db40:   000000001804a9b0 0000000000000000
0x000000001901db50:   0000000000000001 0000000000000000
0x000000001901db60:   00000000173ca378 00000000173c9fa0 

Instructions: (pc=0x0000000051b15bd8)
0x0000000051b15bb8:   ec b0 00 00 00 49 63 40 2c 49 8b d9 49 8b e8 4c
0x0000000051b15bc8:   8d 0c 40 48 8b 82 c8 00 00 00 4c 8b d9 4d 03 c9
0x0000000051b15bd8:   4a 8b 54 c8 18 48 85 d2 75 37 b9 02 05 00 00 e8
0x0000000051b15be8:   34 b9 f1 ff e8 4f 10 f2 ff 84 c0 74 11 48 8d 15 


Register to memory mapping:

RAX=0x0000000000000000 is an unknown value
RBX=0x000000001901db60 is pointing into the stack for thread: 0x0000000018050000
RCX=0x000000001a320000 is an unknown value
RDX=0x000000001bcbe580 is an unknown value
RSP=0x000000001901da70 is pointing into the stack for thread: 0x0000000018050000
RBP=0x000000001bcbfe70 is an unknown value
RSI=0x000000001bcbfe70 is an unknown value
RDI=0x00000000e625f970 is an oop

[error occurred during error reporting (printing register info), id 0xc0000005]

Stack: [0x0000000018f20000,0x0000000019020000],  sp=0x000000001901da70,  free space=1014k
Native frames: (J=compiled Java code, j=interpreted, Vv=VM code, C=native code)
C  [nvoglv64.DLL+0x795bd8]
C  [nvoglv64.DLL+0x797aa3]
C  [nvoglv64.DLL+0x79e1a7]
C  [jogl_desktop.dll+0x1ef87]
C  0x0000000002915c94

Java frames: (J=compiled Java code, j=interpreted, Vv=VM code)
j  jogamp.opengl.gl4.GL4bcImpl.dispatch_glGetUniformfv1(IILjava/lang/Object;IZJ)V+0
j  jogamp.opengl.gl4.GL4bcImpl.glGetUniformfv(IILjava/nio/FloatBuffer;)V+81
j  Field.setupData(Lcom/jogamp/opengl/GL2;)V+681
j  Field.init(Lcom/jogamp/opengl/GLAutoDrawable;)V+124
j  jogamp.opengl.GLDrawableHelper.init(Lcom/jogamp/opengl/GLEventListener;Lcom/jogamp/opengl/GLAutoDrawable;Z)V+2
j  jogamp.opengl.GLDrawableHelper.init(Lcom/jogamp/opengl/GLAutoDrawable;Z)V+81
j  com.jogamp.opengl.awt.GLCanvas$10.run()V+26
j  jogamp.opengl.GLDrawableHelper.invokeGLImpl(Lcom/jogamp/opengl/GLDrawable;Lcom/jogamp/opengl/GLContext;Ljava/lang/Runnable;Ljava/lang/Runnable;)V+197
j  jogamp.opengl.GLDrawableHelper.invokeGL(Lcom/jogamp/opengl/GLDrawable;Lcom/jogamp/opengl/GLContext;Ljava/lang/Runnable;Ljava/lang/Runnable;)V+72
j  com.jogamp.opengl.awt.GLCanvas$12.run()V+104
j  java.awt.event.InvocationEvent.dispatch()V+11
j  java.awt.EventQueue.dispatchEventImpl(Ljava/awt/AWTEvent;Ljava/lang/Object;)V+21
j  java.awt.EventQueue.access$500(Ljava/awt/EventQueue;Ljava/awt/AWTEvent;Ljava/lang/Object;)V+3
j  java.awt.EventQueue$3.run()Ljava/lang/Void;+32
j  java.awt.EventQueue$3.run()Ljava/lang/Object;+1
v  ~StubRoutines::call_stub
j  java.security.AccessController.doPrivileged(Ljava/security/PrivilegedAction;Ljava/security/AccessControlContext;)Ljava/lang/Object;+0
j  java.security.ProtectionDomain$JavaSecurityAccessImpl.doIntersectionPrivilege(Ljava/security/PrivilegedAction;Ljava/security/AccessControlContext;Ljava/security/AccessControlContext;)Ljava/lang/Object;+18
j  java.awt.EventQueue.dispatchEvent(Ljava/awt/AWTEvent;)V+46
j  java.awt.EventDispatchThread.pumpOneEventForFilters(I)V+245
j  java.awt.EventDispatchThread.pumpEventsForFilter(ILjava/awt/Conditional;Ljava/awt/EventFilter;)V+35
j  java.awt.EventDispatchThread.pumpEventsForHierarchy(ILjava/awt/Conditional;Ljava/awt/Component;)V+11
j  java.awt.EventDispatchThread.pumpEvents(ILjava/awt/Conditional;)V+4
j  java.awt.EventDispatchThread.pumpEvents(Ljava/awt/Conditional;)V+3
j  java.awt.EventDispatchThread.run()V+9
v  ~StubRoutines::call_stub

---------------  P R O C E S S  ---------------

Java Threads: ( => current thread )
  0x0000000018714000 JavaThread "D3D Screen Updater" daemon [_thread_blocked, id=5388, stack(0x000000001c780000,0x000000001c880000)]
  0x0000000018601800 JavaThread "AWT-EventQueue-0-FPSAWTAnimator#00-Timer0" [_thread_blocked, id=7300, stack(0x000000001c880000,0x000000001c980000)]
  0x00000000184dc800 JavaThread "AWT-EventQueue-0-SharedResourceRunner" daemon [_thread_blocked, id=3344, stack(0x000000001aed0000,0x000000001afd0000)]
  0x000000000049f000 JavaThread "DestroyJavaVM" [_thread_blocked, id=776, stack(0x0000000002530000,0x0000000002630000)]
=>0x0000000018050000 JavaThread "AWT-EventQueue-0" [_thread_in_native, id=7184, stack(0x0000000018f20000,0x0000000019020000)]
  0x000000001804c800 JavaThread "AWT-Windows" daemon [_thread_in_native, id=6732, stack(0x0000000018d80000,0x0000000018e80000)]
  0x000000001804c000 JavaThread "AWT-Shutdown" [_thread_blocked, id=1060, stack(0x0000000018bc0000,0x0000000018cc0000)]
  0x000000001804a000 JavaThread "Java2D Disposer" daemon [_thread_blocked, id=4460, stack(0x0000000018970000,0x0000000018a70000)]
  0x0000000017418000 JavaThread "Service Thread" daemon [_thread_blocked, id=6312, stack(0x0000000017e40000,0x0000000017f40000)]
  0x00000000173ce000 JavaThread "C1 CompilerThread2" daemon [_thread_blocked, id=5132, stack(0x0000000017b80000,0x0000000017c80000)]
  0x00000000173a8000 JavaThread "C2 CompilerThread1" daemon [_thread_blocked, id=7984, stack(0x0000000017940000,0x0000000017a40000)]
  0x00000000173a7000 JavaThread "C2 CompilerThread0" daemon [_thread_blocked, id=7456, stack(0x0000000016fa0000,0x00000000170a0000)]
  0x000000001738b800 JavaThread "Monitor Ctrl-Break" daemon [_thread_in_native, id=7732, stack(0x00000000177d0000,0x00000000178d0000)]
  0x0000000015c4d000 JavaThread "Attach Listener" daemon [_thread_blocked, id=6628, stack(0x0000000017220000,0x0000000017320000)]
  0x0000000015c4c000 JavaThread "Signal Dispatcher" daemon [_thread_blocked, id=5376, stack(0x0000000016b80000,0x0000000016c80000)]
  0x0000000015c3a000 JavaThread "Finalizer" daemon [_thread_blocked, id=5296, stack(0x00000000170a0000,0x00000000171a0000)]
  0x0000000015bf3000 JavaThread "Reference Handler" daemon [_thread_blocked, id=6548, stack(0x0000000016e40000,0x0000000016f40000)]

Other Threads:
  0x0000000015beb000 VMThread [stack: 0x0000000016cc0000,0x0000000016dc0000] [id=7344]
  0x0000000017458000 WatcherThread [stack: 0x0000000017d20000,0x0000000017e20000] [id=4140]

VM state:not at safepoint (normal execution)

VM Mutex/Monitor currently owned by a thread: None

Heap:
 PSYoungGen      total 24064K, used 16365K [0x00000000e5580000, 0x00000000e8480000, 0x0000000100000000)
  eden space 20992K, 63% used [0x00000000e5580000,0x00000000e627ea38,0x00000000e6a00000)
  from space 3072K, 99% used [0x00000000e6d00000,0x00000000e6ffcd68,0x00000000e7000000)
  to   space 3072K, 0% used [0x00000000e6a00000,0x00000000e6a00000,0x00000000e6d00000)
 ParOldGen       total 54784K, used 990K [0x00000000b0000000, 0x00000000b3580000, 0x00000000e5580000)
  object space 54784K, 1% used [0x00000000b0000000,0x00000000b00f7838,0x00000000b3580000)
 Metaspace       used 15694K, capacity 15876K, committed 16128K, reserved 1062912K
  class space    used 1629K, capacity 1694K, committed 1792K, reserved 1048576K

Card table byte_map: [0x0000000011cc0000,0x0000000011f50000] byte_map_base: 0x0000000011740000

Marking Bits: (ParMarkBitMap*) 0x000000005467a6c0
 Begin Bits: [0x00000000127e0000, 0x0000000013be0000)
 End Bits:   [0x0000000013be0000, 0x0000000014fe0000)

Polling page: 0x0000000000450000

CodeCache: size=245760Kb used=3172Kb max_used=3172Kb free=242587Kb
 bounds [0x0000000002900000, 0x0000000002c20000, 0x0000000011900000]
 total_blobs=1596 nmethods=772 adapters=738
 compilation: enabled

Compilation events (10 events):
Event: 2.475 Thread 0x00000000173ce000  768   !   3       java.lang.ClassLoader::findNative (86 bytes)
Event: 2.476 Thread 0x00000000173ce000 nmethod 768 0x0000000002c15890 code [0x0000000002c15a40, 0x0000000002c162f8]
Event: 2.476 Thread 0x00000000173ce000  769   !   3       java.security.SecureClassLoader::getProtectionDomain (114 bytes)
Event: 2.477 Thread 0x00000000173ce000 nmethod 769 0x0000000002c16690 code [0x0000000002c16840, 0x0000000002c16fd8]
Event: 2.477 Thread 0x00000000173ce000  770       3       java.lang.ClassLoader::defineClass (43 bytes)
Event: 2.478 Thread 0x00000000173ce000 nmethod 770 0x0000000002c17310 code [0x0000000002c17500, 0x0000000002c180c8]
Event: 2.478 Thread 0x00000000173ce000  771   !   3       java.lang.ClassLoader::checkCerts (195 bytes)
Event: 2.479 Thread 0x00000000173ce000 nmethod 771 0x0000000002c185d0 code [0x0000000002c18880, 0x0000000002c19ef8]
Event: 2.479 Thread 0x00000000173ce000  772       3       java.nio.Buffer::position (43 bytes)
Event: 2.479 Thread 0x00000000173ce000 nmethod 772 0x0000000002c1a8d0 code [0x0000000002c1aa40, 0x0000000002c1ad08]

GC Heap History (4 events):
Event: 1.142 GC heap before
{Heap before GC invocations=1 (full 0):
 PSYoungGen      total 24064K, used 20992K [0x00000000e5580000, 0x00000000e7000000, 0x0000000100000000)
  eden space 20992K, 100% used [0x00000000e5580000,0x00000000e6a00000,0x00000000e6a00000)
  from space 3072K, 0% used [0x00000000e6d00000,0x00000000e6d00000,0x00000000e7000000)
  to   space 3072K, 0% used [0x00000000e6a00000,0x00000000e6a00000,0x00000000e6d00000)
 ParOldGen       total 54784K, used 0K [0x00000000b0000000, 0x00000000b3580000, 0x00000000e5580000)
  object space 54784K, 0% used [0x00000000b0000000,0x00000000b0000000,0x00000000b3580000)
 Metaspace       used 12617K, capacity 12780K, committed 13184K, reserved 1060864K
  class space    used 1253K, capacity 1306K, committed 1408K, reserved 1048576K
Event: 1.149 GC heap after
Heap after GC invocations=1 (full 0):
 PSYoungGen      total 24064K, used 2861K [0x00000000e5580000, 0x00000000e7000000, 0x0000000100000000)
  eden space 20992K, 0% used [0x00000000e5580000,0x00000000e5580000,0x00000000e6a00000)
  from space 3072K, 93% used [0x00000000e6a00000,0x00000000e6ccb770,0x00000000e6d00000)
  to   space 3072K, 0% used [0x00000000e6d00000,0x00000000e6d00000,0x00000000e7000000)
 ParOldGen       total 54784K, used 8K [0x00000000b0000000, 0x00000000b3580000, 0x00000000e5580000)
  object space 54784K, 0% used [0x00000000b0000000,0x00000000b0002000,0x00000000b3580000)
 Metaspace       used 12617K, capacity 12780K, committed 13184K, reserved 1060864K
  class space    used 1253K, capacity 1306K, committed 1408K, reserved 1048576K
}
Event: 2.091 GC heap before
{Heap before GC invocations=2 (full 0):
 PSYoungGen      total 24064K, used 23853K [0x00000000e5580000, 0x00000000e7000000, 0x0000000100000000)
  eden space 20992K, 100% used [0x00000000e5580000,0x00000000e6a00000,0x00000000e6a00000)
  from space 3072K, 93% used [0x00000000e6a00000,0x00000000e6ccb770,0x00000000e6d00000)
  to   space 3072K, 0% used [0x00000000e6d00000,0x00000000e6d00000,0x00000000e7000000)
 ParOldGen       total 54784K, used 8K [0x00000000b0000000, 0x00000000b3580000, 0x00000000e5580000)
  object space 54784K, 0% used [0x00000000b0000000,0x00000000b0002000,0x00000000b3580000)
 Metaspace       used 13567K, capacity 13810K, committed 14080K, reserved 1062912K
  class space    used 1342K, capacity 1435K, committed 1536K, reserved 1048576K
Event: 2.106 GC heap after
Heap after GC invocations=2 (full 0):
 PSYoungGen      total 24064K, used 3059K [0x00000000e5580000, 0x00000000e8480000, 0x0000000100000000)
  eden space 20992K, 0% used [0x00000000e5580000,0x00000000e5580000,0x00000000e6a00000)
  from space 3072K, 99% used [0x00000000e6d00000,0x00000000e6ffcd68,0x00000000e7000000)
  to   space 3072K, 0% used [0x00000000e6a00000,0x00000000e6a00000,0x00000000e6d00000)
 ParOldGen       total 54784K, used 990K [0x00000000b0000000, 0x00000000b3580000, 0x00000000e5580000)
  object space 54784K, 1% used [0x00000000b0000000,0x00000000b00f7838,0x00000000b3580000)
 Metaspace       used 13567K, capacity 13810K, committed 14080K, reserved 1062912K
  class space    used 1342K, capacity 1435K, committed 1536K, reserved 1048576K
}

Deoptimization events (5 events):
Event: 0.432 Thread 0x0000000018050000 Uncommon trap: reason=unstable_if action=reinterpret pc=0x0000000002aaec68 method=java.lang.String.startsWith(Ljava/lang/String;I)Z @ 25
Event: 0.495 Thread 0x0000000018050000 Uncommon trap: reason=unstable_if action=reinterpret pc=0x0000000002ab613c method=java.lang.String.indexOf([CII[CIII)I @ 3
Event: 2.311 Thread 0x0000000018050000 Uncommon trap: reason=unstable_if action=reinterpret pc=0x0000000002bca810 method=java.util.HashMap.containsKey(Ljava/lang/Object;)Z @ 9
Event: 2.333 Thread 0x000000001804c800 Uncommon trap: reason=unstable_if action=reinterpret pc=0x0000000002ac1840 method=java.lang.CharacterData.of(I)Ljava/lang/CharacterData; @ 4
Event: 2.360 Thread 0x0000000018050000 Uncommon trap: reason=unstable_if action=reinterpret pc=0x0000000002bd30b4 method=java.lang.reflect.AccessibleObject.setAccessible0(Ljava/lang/reflect/AccessibleObject;Z)V @ 4

Internal exceptions (10 events):
Event: 0.049 Thread 0x000000000049f000 Exception <a 'java/lang/NoSuchMethodError': Method sun.misc.Unsafe.prefetchRead(Ljava/lang/Object;J)V name or signature does not match> (0x00000000e5587f60) thrown at [C:\re\workspace\8-2-build-windows-amd64-cygwin\jdk8u111\7883\hotspot\src\share\vm\prims
Event: 0.187 Thread 0x000000000049f000 Exception <a 'java/security/PrivilegedActionException'> (0x00000000e5887fd0) thrown at [C:\re\workspace\8-2-build-windows-amd64-cygwin\jdk8u111\7883\hotspot\src\share\vm\prims\jvm.cpp, line 1386]
Event: 0.187 Thread 0x000000000049f000 Exception <a 'java/security/PrivilegedActionException'> (0x00000000e58881e0) thrown at [C:\re\workspace\8-2-build-windows-amd64-cygwin\jdk8u111\7883\hotspot\src\share\vm\prims\jvm.cpp, line 1386]
Event: 0.187 Thread 0x000000000049f000 Exception <a 'java/security/PrivilegedActionException'> (0x00000000e588a740) thrown at [C:\re\workspace\8-2-build-windows-amd64-cygwin\jdk8u111\7883\hotspot\src\share\vm\prims\jvm.cpp, line 1386]
Event: 0.187 Thread 0x000000000049f000 Exception <a 'java/security/PrivilegedActionException'> (0x00000000e588a950) thrown at [C:\re\workspace\8-2-build-windows-amd64-cygwin\jdk8u111\7883\hotspot\src\share\vm\prims\jvm.cpp, line 1386]
Event: 0.193 Thread 0x000000000049f000 Exception <a 'java/io/FileNotFoundException'> (0x00000000e589e3f0) thrown at [C:\re\workspace\8-2-build-windows-amd64-cygwin\jdk8u111\7883\hotspot\src\share\vm\prims\jni.cpp, line 709]
Event: 0.234 Thread 0x000000000049f000 Exception <a 'java/lang/NoSuchFieldError': method resolution failed> (0x00000000e59ca670) thrown at [C:\re\workspace\8-2-build-windows-amd64-cygwin\jdk8u111\7883\hotspot\src\share\vm\prims\methodHandles.cpp, line 1146]
Event: 0.237 Thread 0x000000000049f000 Exception <a 'java/lang/NoSuchFieldError': method resolution failed> (0x00000000e59d84e8) thrown at [C:\re\workspace\8-2-build-windows-amd64-cygwin\jdk8u111\7883\hotspot\src\share\vm\prims\methodHandles.cpp, line 1146]
Event: 0.322 Thread 0x0000000018050000 Exception <a 'java/io/FileNotFoundException'> (0x00000000e5bc8790) thrown at [C:\re\workspace\8-2-build-windows-amd64-cygwin\jdk8u111\7883\hotspot\src\share\vm\prims\jni.cpp, line 709]
Event: 2.375 Thread 0x0000000018050000 Exception <a 'java/lang/reflect/InvocationTargetException'> (0x00000000e608ee58) thrown at [C:\re\workspace\8-2-build-windows-amd64-cygwin\jdk8u111\7883\hotspot\src\share\vm\runtime\reflection.cpp, line 1092]

Events (10 events):
Event: 2.454 loading class sun/awt/CausedFocusEvent
Event: 2.454 loading class sun/awt/CausedFocusEvent done
Event: 2.455 loading class java/util/concurrent/locks/LockSupport
Event: 2.455 loading class java/util/concurrent/locks/LockSupport done
Event: 2.476 loading class utils/ShaderUtils
Event: 2.476 loading class utils/ShaderUtils done
Event: 2.477 loading class utils/FileUtils
Event: 2.477 loading class utils/FileUtils done
Event: 2.480 loading class java/nio/HeapFloatBuffer
Event: 2.480 loading class java/nio/HeapFloatBuffer done


Dynamic libraries:
0x000000013fcb0000 - 0x000000013fce7000 	D:\evrthJAVA\jdk\bin\java.exe
0x00000000777a0000 - 0x000000007793f000 	C:\Windows\SYSTEM32\ntdll.dll
0x000007fef45e0000 - 0x000007fef4614000 	C:\Program Files\AVAST Software\Avast\x64\aswhooka.dll
0x0000000077680000 - 0x000000007779f000 	C:\Windows\system32\kernel32.dll
0x000007fefd5d0000 - 0x000007fefd63a000 	C:\Windows\system32\KERNELBASE.dll
0x000007fefdb30000 - 0x000007fefdc0b000 	C:\Windows\system32\ADVAPI32.dll
0x000007fefde60000 - 0x000007fefdeff000 	C:\Windows\system32\msvcrt.dll
0x000007fefede0000 - 0x000007fefedff000 	C:\Windows\SYSTEM32\sechost.dll
0x000007fefdce0000 - 0x000007fefde0d000 	C:\Windows\system32\RPCRT4.dll
0x0000000077580000 - 0x000000007767a000 	C:\Windows\system32\USER32.dll
0x000007feffa20000 - 0x000007feffa87000 	C:\Windows\system32\GDI32.dll
0x000007feff0d0000 - 0x000007feff0de000 	C:\Windows\system32\LPK.dll
0x000007fefec90000 - 0x000007fefed5b000 	C:\Windows\system32\USP10.dll
0x000007fefba30000 - 0x000007fefbc24000 	C:\Windows\WinSxS\amd64_microsoft.windows.common-controls_6595b64144ccf1df_6.0.7601.23403_none_e36ad4593102f066\COMCTL32.dll
0x000007fefda10000 - 0x000007fefda81000 	C:\Windows\system32\SHLWAPI.dll
0x000007feff1f0000 - 0x000007feff21e000 	C:\Windows\system32\IMM32.DLL
0x000007feff0e0000 - 0x000007feff1e9000 	C:\Windows\system32\MSCTF.dll
0x0000000057f70000 - 0x0000000058042000 	D:\evrthJAVA\jdk\jre\bin\msvcr100.dll
0x0000000053e60000 - 0x00000000546fa000 	D:\evrthJAVA\jdk\jre\bin\server\jvm.dll
0x000007fef81a0000 - 0x000007fef81a9000 	C:\Windows\system32\WSOCK32.dll
0x000007fefde10000 - 0x000007fefde5d000 	C:\Windows\system32\WS2_32.dll
0x000007fefdc10000 - 0x000007fefdc18000 	C:\Windows\system32\NSI.dll
0x000007fefa710000 - 0x000007fefa74b000 	C:\Windows\system32\WINMM.dll
0x000007fefc530000 - 0x000007fefc53c000 	C:\Windows\system32\VERSION.dll
0x0000000077940000 - 0x0000000077947000 	C:\Windows\system32\PSAPI.DLL
0x0000000071c70000 - 0x0000000071c7f000 	D:\evrthJAVA\jdk\jre\bin\verify.dll
0x0000000071c40000 - 0x0000000071c69000 	D:\evrthJAVA\jdk\jre\bin\java.dll
0x000000006f920000 - 0x000000006f943000 	D:\evrthJAVA\jdk\jre\bin\instrument.dll
0x000000006f900000 - 0x000000006f916000 	D:\evrthJAVA\jdk\jre\bin\zip.dll
0x000007fefdf00000 - 0x000007fefec8b000 	C:\Windows\system32\SHELL32.dll
0x000007feff220000 - 0x000007feff41d000 	C:\Windows\system32\ole32.dll
0x000007fefd480000 - 0x000007fefd48f000 	C:\Windows\system32\profapi.dll
0x000007fef77b0000 - 0x000007fef77ca000 	D:\evrthJAVA\IntelliJ IDEA Community Edition 2017.2\bin\breakgen64.dll
0x000000006c460000 - 0x000000006c47a000 	D:\evrthJAVA\jdk\jre\bin\net.dll
0x000007fefcc00000 - 0x000007fefcc55000 	C:\Windows\system32\mswsock.dll
0x000007fefcbf0000 - 0x000007fefcbf7000 	C:\Windows\System32\wship6.dll
0x0000000057dd0000 - 0x0000000057f68000 	D:\evrthJAVA\jdk\jre\bin\awt.dll
0x000007feff610000 - 0x000007feff6ea000 	C:\Windows\system32\OLEAUT32.dll
0x000007fefb760000 - 0x000007fefb7b6000 	C:\Windows\system32\uxtheme.dll
0x000007fefb370000 - 0x000007fefb388000 	C:\Windows\system32\dwmapi.dll
0x000007fefd2d0000 - 0x000007fefd2df000 	C:\Windows\system32\CRYPTBASE.dll
0x000007feedfe0000 - 0x000007feee1df000 	C:\Windows\system32\d3d9.dll
0x000007fefab70000 - 0x000007fefab77000 	C:\Windows\system32\d3d8thk.dll
0x000007fee2020000 - 0x000007fee30d6000 	C:\Windows\system32\nvd3dumx.dll
0x000007fefc0d0000 - 0x000007fefc0fc000 	C:\Windows\system32\powrprof.dll
0x000007fefd830000 - 0x000007fefda07000 	C:\Windows\system32\SETUPAPI.dll
0x000007fefd590000 - 0x000007fefd5c6000 	C:\Windows\system32\CFGMGR32.dll
0x000007fefd800000 - 0x000007fefd81a000 	C:\Windows\system32\DEVOBJ.dll
0x000007feef590000 - 0x000007feef6fc000 	C:\Program Files (x86)\NVIDIA Corporation\3D Vision\nvSCPAPI64.dll
0x000007fefcc60000 - 0x000007fefcc78000 	C:\Windows\system32\CRYPTSP.dll
0x000007fefc960000 - 0x000007fefc9a7000 	C:\Windows\system32\rsaenh.dll
0x000007fefd7b0000 - 0x000007fefd7cf000 	C:\Windows\system32\USERENV.dll
0x000007fefae90000 - 0x000007fefaeb7000 	C:\Windows\system32\IPHLPAPI.DLL
0x000007fefae80000 - 0x000007fefae8b000 	C:\Windows\system32\WINNSI.DLL
0x000007fefad80000 - 0x000007fefad91000 	C:\Windows\system32\dhcpcsvc6.DLL
0x000007fefad60000 - 0x000007fefad78000 	C:\Windows\system32\dhcpcsvc.DLL
0x000000006c440000 - 0x000000006c451000 	D:\evrthJAVA\jdk\jre\bin\nio.dll
0x000007fefd270000 - 0x000007fefd2c7000 	C:\Windows\system32\apphelp.dll
0x00000000637c0000 - 0x00000000637cd000 	C:\Users\K1TS\AppData\Local\Temp\jogamp_0000\file_cache\jln2572877282282927716\jln1583491000580637415\natives\windows-amd64\gluegen-rt.dll
0x000000006f8f0000 - 0x000000006f8f7000 	D:\evrthJAVA\jdk\jre\bin\jawt.dll
0x000000006a440000 - 0x000000006a44d000 	C:\Users\K1TS\AppData\Local\Temp\jogamp_0000\file_cache\jln2572877282282927716\jln1583491000580637415\natives\windows-amd64\nativewindow_awt.dll
0x000000006c100000 - 0x000000006c10f000 	C:\Users\K1TS\AppData\Local\Temp\jogamp_0000\file_cache\jln2572877282282927716\jln1583491000580637415\natives\windows-amd64\nativewindow_win32.dll
0x000007fef7980000 - 0x000007fef7a9d000 	C:\Windows\system32\OpenGL32.dll
0x000007fef7b90000 - 0x000007fef7bbd000 	C:\Windows\system32\GLU32.dll
0x000007fef7880000 - 0x000007fef7971000 	C:\Windows\system32\DDRAW.dll
0x000007fef7b80000 - 0x000007fef7b88000 	C:\Windows\system32\DCIMAN32.dll
0x0000000064500000 - 0x00000000645b1000 	C:\Users\K1TS\AppData\Local\Temp\jogamp_0000\file_cache\jln2572877282282927716\jln1583491000580637415\natives\windows-amd64\jogl_desktop.dll
0x0000000064340000 - 0x00000000643a2000 	C:\Users\K1TS\AppData\Local\Temp\jogamp_0000\file_cache\jln2572877282282927716\jln1583491000580637415\natives\windows-amd64\jogl_mobile.dll
0x0000000051380000 - 0x00000000531c7000 	C:\Windows\system32\nvoglv64.DLL
0x000007fefc6c0000 - 0x000007fefc6d1000 	C:\Windows\system32\WTSAPI32.dll
0x000007fefd490000 - 0x000007fefd4cb000 	C:\Windows\system32\WINTRUST.dll
0x000007fefd640000 - 0x000007fefd7ad000 	C:\Windows\system32\CRYPT32.dll
0x000007fefd470000 - 0x000007fefd47f000 	C:\Windows\system32\MSASN1.dll
0x000007fefbde0000 - 0x000007fefbe0d000 	C:\Windows\system32\ntmarta.dll
0x000007feff420000 - 0x000007feff472000 	C:\Windows\system32\WLDAP32.dll
0x000007fefd2e0000 - 0x000007fefd31d000 	C:\Windows\system32\WINSTA.dll
0x000000006c3f0000 - 0x000000006c437000 	D:\evrthJAVA\jdk\jre\bin\fontmanager.dll
0x000007feef050000 - 0x000007feef175000 	C:\Windows\system32\dbghelp.dll

VM Arguments:
jvm_args: -javaagent:D:\evrthJAVA\IntelliJ IDEA Community Edition 2017.2\lib\idea_rt.jar=52534:D:\evrthJAVA\IntelliJ IDEA Community Edition 2017.2\bin -Dfile.encoding=UTF-8 
java_command: ShaderLesson4
java_class_path (initial): D:\evrthJAVA\jdk\jre\lib\charsets.jar;D:\evrthJAVA\jdk\jre\lib\deploy.jar;D:\evrthJAVA\jdk\jre\lib\ext\access-bridge-64.jar;D:\evrthJAVA\jdk\jre\lib\ext\cldrdata.jar;D:\evrthJAVA\jdk\jre\lib\ext\dnsns.jar;D:\evrthJAVA\jdk\jre\lib\ext\jaccess.jar;D:\evrthJAVA\jdk\jre\lib\ext\jfxrt.jar;D:\evrthJAVA\jdk\jre\lib\ext\localedata.jar;D:\evrthJAVA\jdk\jre\lib\ext\nashorn.jar;D:\evrthJAVA\jdk\jre\lib\ext\sunec.jar;D:\evrthJAVA\jdk\jre\lib\ext\sunjce_provider.jar;D:\evrthJAVA\jdk\jre\lib\ext\sunmscapi.jar;D:\evrthJAVA\jdk\jre\lib\ext\sunpkcs11.jar;D:\evrthJAVA\jdk\jre\lib\ext\zipfs.jar;D:\evrthJAVA\jdk\jre\lib\javaws.jar;D:\evrthJAVA\jdk\jre\lib\jce.jar;D:\evrthJAVA\jdk\jre\lib\jfr.jar;D:\evrthJAVA\jdk\jre\lib\jfxswt.jar;D:\evrthJAVA\jdk\jre\lib\jsse.jar;D:\evrthJAVA\jdk\jre\lib\management-agent.jar;D:\evrthJAVA\jdk\jre\lib\plugin.jar;D:\evrthJAVA\jdk\jre\lib\resources.jar;D:\evrthJAVA\jdk\jre\lib\rt.jar;D:\evrthJAVA\JGraphics\Shader_lessons\advanced_shader_lessons\shader_lesson4\out\production\shader_lesson4;D:\evrthJAVA\JGraphics\Shader_lessons\Libs_for_shaders\jogl-all.jar;D:\evrthJAVA\JGraphics\Shader_lessons\Libs_for_shaders\gluegen-rt.jar;D:\evrthJAVA\JGraphics\Shader_lessons\Libs_for_shaders\jogl-java-src.zip;D:\evrthJAVA\JGraphics\Shader_lessons\Libs_for_shaders\gluegen-java-src.zip;D:\evrthJAVA\JGraphics\Shader_lessons\Libs_for_shaders\jogl-all-natives-windows-amd64.jar;D:\evrthJAVA\JGraphics\Shader_lessons\Libs_for_shaders\gluegen-rt-natives-windows-amd64.jar;D:\evrthJAVA\IntelliJ IDEA Community Edition 2017.2\lib\idea_rt.jar
Launcher Type: SUN_STANDARD

Environment Variables:
PATH=C:\Program Files\Common Files\Microsoft Shared\Windows Live;C:\Program Files (x86)\NVIDIA Corporation\PhysX\Common;C:\Program Files (x86)\Common Files\Oracle\Java\javapath;C:\ProgramData\Oracle\Java\javapath;C:\Windows\system32;C:\Windows;C:\Windows\System32\Wbem;C:\Windows\System32\WindowsPowerShell\v1.0\;C:\Program Files (x86)\Common Files\Acronis\SnapAPI\;D:\Program_files\Git\cmd;C:\Program Files\Common Files\Microsoft Shared\Windows Live
USERNAME=K1TS
OS=Windows_NT
PROCESSOR_IDENTIFIER=AMD64 Family 16 Model 5 Stepping 2, AuthenticAMD



---------------  S Y S T E M  ---------------

OS: Windows 7 , 64 bit Build 7601 (6.1.7601.24168)

CPU:total 4 (4 cores per cpu, 1 threads per core) family 16 model 5 stepping 2, cmov, cx8, fxsr, mmx, sse, sse2, sse3, popcnt, mmxext, 3dnowpref, lzcnt, sse4a, tsc, tscinvbit, tscinv

Memory: 4k page, physical 5241336k(1162568k free), swap 10480796k(4425048k free)

vm_info: Java HotSpot(TM) 64-Bit Server VM (25.111-b14) for windows-amd64 JRE (1.8.0_111-b14), built on Sep 22 2016 19:24:05 by "java_re" with MS VC++ 10.0 (VS2010)

time: Sat Aug 04 17:17:08 2018
elapsed time: 2 seconds (0d 0h 0m 2s)

