#
# A fatal error has been detected by the Java Runtime Environment:
#
#  EXCEPTION_ACCESS_VIOLATION (0xc0000005) at pc=0x0000000051b15bd8, pid=4120, tid=0x000000000000043c
#
# JRE version: Java(TM) SE Runtime Environment (8.0_111-b14) (build 1.8.0_111-b14)
# Java VM: Java HotSpot(TM) 64-Bit Server VM (25.111-b14 mixed mode windows-amd64 compressed oops)
# Problematic frame:
# C  [nvoglv64.DLL+0x795bd8]
#
# Failed to write core dump. Minidumps are not enabled by default on client versions of Windows
#
# If you would like to submit a bug report, please visit:
#   http://bugreport.java.com/bugreport/crash.jsp
# The crash happened outside the Java Virtual Machine in native code.
# See problematic frame for where to report the bug.
#

---------------  T H R E A D  ---------------

Current thread (0x00000000181ae000):  JavaThread "AWT-EventQueue-0" [_thread_in_native, id=1084, stack(0x0000000019020000,0x0000000019120000)]

siginfo: ExceptionCode=0xc0000005, reading address 0x0000000000000018

Registers:
RAX=0x0000000000000000, RBX=0x000000001911d990, RCX=0x000000001c610000, RDX=0x000000001bbde7f0
RSP=0x000000001911d8a0, RBP=0x000000001bbe0180, RSI=0x000000001bbe0180, RDI=0x00000000e624bfb0
R8 =0x000000001bbe0180, R9 =0x0000000000000000, R10=0x000000000000000c, R11=0x000000001c610000
R12=0x0000000051b899c0, R13=0x0000000000000004, R14=0x0000000000000001, R15=0x000000001c610000
RIP=0x0000000051b15bd8, EFLAGS=0x0000000000010246

Top of Stack: (sp=0x000000001911d8a0)
0x000000001911d8a0:   000000000000000b 000000006451ef20
0x000000001911d8b0:   0000000054440088 0000005000000000
0x000000001911d8c0:   0000000000000054 0000000000000000
0x000000001911d8d0:   0000000000000000 0000000018596590
0x000000001911d8e0:   0000000000000054 0000000000000100
0x000000001911d8f0:   0000000000000000 0000000000000100
0x000000001911d900:   0000000000000009 000007fefd5d133c
0x000000001911d910:   00000000181ae000 000000005403aeb6
0x000000001911d920:   00000000175c0b10 0000000051894782
0x000000001911d930:   0000000018596580 0000000053f2d4ea
0x000000001911d940:   00000000021775d0 000000001911dad0
0x000000001911d950:   0000000000000000 0000000051b17aa3
0x000000001911d960:   00000000e624bfb0 0000000000000000
0x000000001911d970:   00000000181a8950 0000000000000000
0x000000001911d980:   0000000000000001 0000000000000000
0x000000001911d990:   00000000174e23c8 00000000174e1ff0 

Instructions: (pc=0x0000000051b15bd8)
0x0000000051b15bb8:   ec b0 00 00 00 49 63 40 2c 49 8b d9 49 8b e8 4c
0x0000000051b15bc8:   8d 0c 40 48 8b 82 c8 00 00 00 4c 8b d9 4d 03 c9
0x0000000051b15bd8:   4a 8b 54 c8 18 48 85 d2 75 37 b9 02 05 00 00 e8
0x0000000051b15be8:   34 b9 f1 ff e8 4f 10 f2 ff 84 c0 74 11 48 8d 15 


Register to memory mapping:

RAX=0x0000000000000000 is an unknown value
RBX=0x000000001911d990 is pointing into the stack for thread: 0x00000000181ae000
RCX=0x000000001c610000 is an unknown value
RDX=0x000000001bbde7f0 is an unknown value
RSP=0x000000001911d8a0 is pointing into the stack for thread: 0x00000000181ae000
RBP=0x000000001bbe0180 is an unknown value
RSI=0x000000001bbe0180 is an unknown value
RDI=0x00000000e624bfb0 is an oop

[error occurred during error reporting (printing register info), id 0xc0000005]

Stack: [0x0000000019020000,0x0000000019120000],  sp=0x000000001911d8a0,  free space=1014k
Native frames: (J=compiled Java code, j=interpreted, Vv=VM code, C=native code)
C  [nvoglv64.DLL+0x795bd8]
C  [nvoglv64.DLL+0x797aa3]
C  [nvoglv64.DLL+0x79e1a7]
C  [jogl_desktop.dll+0x1ef87]
C  0x00000000028c5c94

Java frames: (J=compiled Java code, j=interpreted, Vv=VM code)
j  jogamp.opengl.gl4.GL4bcImpl.dispatch_glGetUniformfv1(IILjava/lang/Object;IZJ)V+0
j  jogamp.opengl.gl4.GL4bcImpl.glGetUniformfv(IILjava/nio/FloatBuffer;)V+81
j  Field.setupData(Lcom/jogamp/opengl/GL2;)V+620
j  Field.init(Lcom/jogamp/opengl/GLAutoDrawable;)V+124
j  jogamp.opengl.GLDrawableHelper.init(Lcom/jogamp/opengl/GLEventListener;Lcom/jogamp/opengl/GLAutoDrawable;Z)V+2
j  jogamp.opengl.GLDrawableHelper.init(Lcom/jogamp/opengl/GLAutoDrawable;Z)V+81
j  com.jogamp.opengl.awt.GLCanvas$10.run()V+26
j  jogamp.opengl.GLDrawableHelper.invokeGLImpl(Lcom/jogamp/opengl/GLDrawable;Lcom/jogamp/opengl/GLContext;Ljava/lang/Runnable;Ljava/lang/Runnable;)V+197
j  jogamp.opengl.GLDrawableHelper.invokeGL(Lcom/jogamp/opengl/GLDrawable;Lcom/jogamp/opengl/GLContext;Ljava/lang/Runnable;Ljava/lang/Runnable;)V+72
j  com.jogamp.opengl.awt.GLCanvas$12.run()V+104
j  java.awt.event.InvocationEvent.dispatch()V+11
j  java.awt.EventQueue.dispatchEventImpl(Ljava/awt/AWTEvent;Ljava/lang/Object;)V+21
j  java.awt.EventQueue.access$500(Ljava/awt/EventQueue;Ljava/awt/AWTEvent;Ljava/lang/Object;)V+3
j  java.awt.EventQueue$3.run()Ljava/lang/Void;+32
j  java.awt.EventQueue$3.run()Ljava/lang/Object;+1
v  ~StubRoutines::call_stub
j  java.security.AccessController.doPrivileged(Ljava/security/PrivilegedAction;Ljava/security/AccessControlContext;)Ljava/lang/Object;+0
j  java.security.ProtectionDomain$JavaSecurityAccessImpl.doIntersectionPrivilege(Ljava/security/PrivilegedAction;Ljava/security/AccessControlContext;Ljava/security/AccessControlContext;)Ljava/lang/Object;+18
j  java.awt.EventQueue.dispatchEvent(Ljava/awt/AWTEvent;)V+46
j  java.awt.EventDispatchThread.pumpOneEventForFilters(I)V+245
j  java.awt.EventDispatchThread.pumpEventsForFilter(ILjava/awt/Conditional;Ljava/awt/EventFilter;)V+35
j  java.awt.EventDispatchThread.pumpEventsForHierarchy(ILjava/awt/Conditional;Ljava/awt/Component;)V+11
j  java.awt.EventDispatchThread.pumpEvents(ILjava/awt/Conditional;)V+4
j  java.awt.EventDispatchThread.pumpEvents(Ljava/awt/Conditional;)V+3
j  java.awt.EventDispatchThread.run()V+9
v  ~StubRoutines::call_stub

---------------  P R O C E S S  ---------------

Java Threads: ( => current thread )
  0x0000000018822800 JavaThread "D3D Screen Updater" daemon [_thread_blocked, id=5388, stack(0x000000001c950000,0x000000001ca50000)]
  0x0000000018814000 JavaThread "AWT-EventQueue-0-FPSAWTAnimator#00-Timer0" [_thread_blocked, id=3384, stack(0x000000001c6c0000,0x000000001c7c0000)]
  0x0000000018619800 JavaThread "AWT-EventQueue-0-SharedResourceRunner" daemon [_thread_blocked, id=6084, stack(0x000000001ae50000,0x000000001af50000)]
  0x00000000022ff000 JavaThread "DestroyJavaVM" [_thread_blocked, id=6756, stack(0x00000000024e0000,0x00000000025e0000)]
=>0x00000000181ae000 JavaThread "AWT-EventQueue-0" [_thread_in_native, id=1084, stack(0x0000000019020000,0x0000000019120000)]
  0x00000000181aa800 JavaThread "AWT-Windows" daemon [_thread_in_native, id=6656, stack(0x0000000018d00000,0x0000000018e00000)]
  0x00000000181a9800 JavaThread "AWT-Shutdown" [_thread_blocked, id=4380, stack(0x0000000018b00000,0x0000000018c00000)]
  0x00000000181a8000 JavaThread "Java2D Disposer" daemon [_thread_blocked, id=7444, stack(0x00000000189e0000,0x0000000018ae0000)]
  0x000000001752d000 JavaThread "Service Thread" daemon [_thread_blocked, id=3960, stack(0x0000000018020000,0x0000000018120000)]
  0x00000000174b9800 JavaThread "C1 CompilerThread2" daemon [_thread_blocked, id=8088, stack(0x0000000017de0000,0x0000000017ee0000)]
  0x00000000174b7800 JavaThread "C2 CompilerThread1" daemon [_thread_blocked, id=5924, stack(0x0000000017c10000,0x0000000017d10000)]
  0x00000000174b7000 JavaThread "C2 CompilerThread0" daemon [_thread_blocked, id=4584, stack(0x0000000017a90000,0x0000000017b90000)]
  0x000000001749b800 JavaThread "Monitor Ctrl-Break" daemon [_thread_in_native, id=7308, stack(0x0000000017900000,0x0000000017a00000)]
  0x0000000015acd000 JavaThread "Attach Listener" daemon [_thread_blocked, id=3488, stack(0x0000000017330000,0x0000000017430000)]
  0x0000000015acc000 JavaThread "Signal Dispatcher" daemon [_thread_blocked, id=7460, stack(0x00000000170c0000,0x00000000171c0000)]
  0x0000000015aba000 JavaThread "Finalizer" daemon [_thread_blocked, id=5416, stack(0x0000000016e60000,0x0000000016f60000)]
  0x0000000015a73000 JavaThread "Reference Handler" daemon [_thread_blocked, id=7552, stack(0x0000000016ce0000,0x0000000016de0000)]

Other Threads:
  0x0000000015a6b000 VMThread [stack: 0x0000000016be0000,0x0000000016ce0000] [id=7792]
  0x00000000175b7000 WatcherThread [stack: 0x00000000171c0000,0x00000000172c0000] [id=7636]

VM state:not at safepoint (normal execution)

VM Mutex/Monitor currently owned by a thread: None

Heap:
 PSYoungGen      total 45056K, used 16753K [0x00000000e5580000, 0x00000000e8480000, 0x0000000100000000)
  eden space 41984K, 32% used [0x00000000e5580000,0x00000000e62df858,0x00000000e7e80000)
  from space 3072K, 99% used [0x00000000e8180000,0x00000000e847cd68,0x00000000e8480000)
  to   space 3072K, 0% used [0x00000000e7e80000,0x00000000e7e80000,0x00000000e8180000)
 ParOldGen       total 54784K, used 994K [0x00000000b0000000, 0x00000000b3580000, 0x00000000e5580000)
  object space 54784K, 1% used [0x00000000b0000000,0x00000000b00f8af8,0x00000000b3580000)
 Metaspace       used 15698K, capacity 15876K, committed 16128K, reserved 1062912K
  class space    used 1629K, capacity 1694K, committed 1792K, reserved 1048576K

Card table byte_map: [0x0000000011c70000,0x0000000011f00000] byte_map_base: 0x00000000116f0000

Marking Bits: (ParMarkBitMap*) 0x000000005467a6c0
 Begin Bits: [0x0000000012660000, 0x0000000013a60000)
 End Bits:   [0x0000000013a60000, 0x0000000014e60000)

Polling page: 0x0000000000250000

CodeCache: size=245760Kb used=3187Kb max_used=3187Kb free=242572Kb
 bounds [0x00000000028b0000, 0x0000000002bd0000, 0x00000000118b0000]
 total_blobs=1609 nmethods=785 adapters=738
 compilation: enabled

Compilation events (10 events):
Event: 2.532 Thread 0x00000000174b9800  781   !   3       java.lang.ClassLoader::findNative (86 bytes)
Event: 2.533 Thread 0x00000000174b9800 nmethod 781 0x0000000002bc4c50 code [0x0000000002bc4e00, 0x0000000002bc56b8]
Event: 2.533 Thread 0x00000000174b9800  782   !   3       java.security.SecureClassLoader::getProtectionDomain (114 bytes)
Event: 2.534 Thread 0x00000000174b9800 nmethod 782 0x0000000002bc3fd0 code [0x0000000002bc4180, 0x0000000002bc4918]
Event: 2.534 Thread 0x00000000174b9800  783       3       java.lang.ClassLoader::defineClass (43 bytes)
Event: 2.534 Thread 0x00000000174b9800 nmethod 783 0x0000000002bcad90 code [0x0000000002bcaf80, 0x0000000002bcbb48]
Event: 2.535 Thread 0x00000000174b9800  784   !   3       java.lang.ClassLoader::checkCerts (195 bytes)
Event: 2.536 Thread 0x00000000174b9800 nmethod 784 0x0000000002bcc050 code [0x0000000002bcc300, 0x0000000002bcd978]
Event: 2.536 Thread 0x00000000174b9800  785       3       java.nio.Buffer::position (43 bytes)
Event: 2.537 Thread 0x00000000174b9800 nmethod 785 0x0000000002bce350 code [0x0000000002bce4c0, 0x0000000002bce788]

GC Heap History (4 events):
Event: 1.210 GC heap before
{Heap before GC invocations=1 (full 0):
 PSYoungGen      total 24064K, used 20992K [0x00000000e5580000, 0x00000000e7000000, 0x0000000100000000)
  eden space 20992K, 100% used [0x00000000e5580000,0x00000000e6a00000,0x00000000e6a00000)
  from space 3072K, 0% used [0x00000000e6d00000,0x00000000e6d00000,0x00000000e7000000)
  to   space 3072K, 0% used [0x00000000e6a00000,0x00000000e6a00000,0x00000000e6d00000)
 ParOldGen       total 54784K, used 0K [0x00000000b0000000, 0x00000000b3580000, 0x00000000e5580000)
  object space 54784K, 0% used [0x00000000b0000000,0x00000000b0000000,0x00000000b3580000)
 Metaspace       used 12643K, capacity 12780K, committed 13184K, reserved 1060864K
  class space    used 1256K, capacity 1306K, committed 1408K, reserved 1048576K
Event: 1.229 GC heap after
Heap after GC invocations=1 (full 0):
 PSYoungGen      total 24064K, used 2832K [0x00000000e5580000, 0x00000000e8480000, 0x0000000100000000)
  eden space 20992K, 0% used [0x00000000e5580000,0x00000000e5580000,0x00000000e6a00000)
  from space 3072K, 92% used [0x00000000e6a00000,0x00000000e6cc40c8,0x00000000e6d00000)
  to   space 3072K, 0% used [0x00000000e8180000,0x00000000e8180000,0x00000000e8480000)
 ParOldGen       total 54784K, used 8K [0x00000000b0000000, 0x00000000b3580000, 0x00000000e5580000)
  object space 54784K, 0% used [0x00000000b0000000,0x00000000b0002000,0x00000000b3580000)
 Metaspace       used 12643K, capacity 12780K, committed 13184K, reserved 1060864K
  class space    used 1256K, capacity 1306K, committed 1408K, reserved 1048576K
}
Event: 2.155 GC heap before
{Heap before GC invocations=2 (full 0):
 PSYoungGen      total 24064K, used 23824K [0x00000000e5580000, 0x00000000e8480000, 0x0000000100000000)
  eden space 20992K, 100% used [0x00000000e5580000,0x00000000e6a00000,0x00000000e6a00000)
  from space 3072K, 92% used [0x00000000e6a00000,0x00000000e6cc40c8,0x00000000e6d00000)
  to   space 3072K, 0% used [0x00000000e8180000,0x00000000e8180000,0x00000000e8480000)
 ParOldGen       total 54784K, used 8K [0x00000000b0000000, 0x00000000b3580000, 0x00000000e5580000)
  object space 54784K, 0% used [0x00000000b0000000,0x00000000b0002000,0x00000000b3580000)
 Metaspace       used 13584K, capacity 13810K, committed 14080K, reserved 1062912K
  class space    used 1345K, capacity 1435K, committed 1536K, reserved 1048576K
Event: 2.169 GC heap after
Heap after GC invocations=2 (full 0):
 PSYoungGen      total 45056K, used 3059K [0x00000000e5580000, 0x00000000e8480000, 0x0000000100000000)
  eden space 41984K, 0% used [0x00000000e5580000,0x00000000e5580000,0x00000000e7e80000)
  from space 3072K, 99% used [0x00000000e8180000,0x00000000e847cd68,0x00000000e8480000)
  to   space 3072K, 0% used [0x00000000e7e80000,0x00000000e7e80000,0x00000000e8180000)
 ParOldGen       total 54784K, used 994K [0x00000000b0000000, 0x00000000b3580000, 0x00000000e5580000)
  object space 54784K, 1% used [0x00000000b0000000,0x00000000b00f8af8,0x00000000b3580000)
 Metaspace       used 13584K, capacity 13810K, committed 14080K, reserved 1062912K
  class space    used 1345K, capacity 1435K, committed 1536K, reserved 1048576K
}

Deoptimization events (6 events):
Event: 0.466 Thread 0x00000000181ae000 Uncommon trap: reason=unstable_if action=reinterpret pc=0x0000000002a67028 method=java.lang.String.startsWith(Ljava/lang/String;I)Z @ 25
Event: 0.539 Thread 0x00000000181ae000 Uncommon trap: reason=unstable_if action=reinterpret pc=0x0000000002a722fc method=java.lang.String.indexOf([CII[CIII)I @ 3
Event: 0.648 Thread 0x00000000181ae000 Uncommon trap: reason=unstable_if action=reinterpret pc=0x0000000002a71250 method=sun.nio.cs.UTF_8$Encoder.encode([CII[B)I @ 33
Event: 2.368 Thread 0x00000000181ae000 Uncommon trap: reason=unstable_if action=reinterpret pc=0x0000000002b81b90 method=java.util.HashMap.containsKey(Ljava/lang/Object;)Z @ 9
Event: 2.397 Thread 0x00000000181aa800 Uncommon trap: reason=unstable_if action=reinterpret pc=0x0000000002a7f140 method=java.lang.CharacterData.of(I)Ljava/lang/CharacterData; @ 4
Event: 2.424 Thread 0x00000000181ae000 Uncommon trap: reason=unstable_if action=reinterpret pc=0x0000000002b8c3b4 method=java.lang.reflect.AccessibleObject.setAccessible0(Ljava/lang/reflect/AccessibleObject;Z)V @ 4

Internal exceptions (10 events):
Event: 0.043 Thread 0x00000000022ff000 Exception <a 'java/lang/NoSuchMethodError': Method sun.misc.Unsafe.prefetchRead(Ljava/lang/Object;J)V name or signature does not match> (0x00000000e5587f60) thrown at [C:\re\workspace\8-2-build-windows-amd64-cygwin\jdk8u111\7883\hotspot\src\share\vm\prims
Event: 0.191 Thread 0x00000000022ff000 Exception <a 'java/security/PrivilegedActionException'> (0x00000000e5887fd0) thrown at [C:\re\workspace\8-2-build-windows-amd64-cygwin\jdk8u111\7883\hotspot\src\share\vm\prims\jvm.cpp, line 1386]
Event: 0.191 Thread 0x00000000022ff000 Exception <a 'java/security/PrivilegedActionException'> (0x00000000e58881e0) thrown at [C:\re\workspace\8-2-build-windows-amd64-cygwin\jdk8u111\7883\hotspot\src\share\vm\prims\jvm.cpp, line 1386]
Event: 0.192 Thread 0x00000000022ff000 Exception <a 'java/security/PrivilegedActionException'> (0x00000000e588a740) thrown at [C:\re\workspace\8-2-build-windows-amd64-cygwin\jdk8u111\7883\hotspot\src\share\vm\prims\jvm.cpp, line 1386]
Event: 0.192 Thread 0x00000000022ff000 Exception <a 'java/security/PrivilegedActionException'> (0x00000000e588a950) thrown at [C:\re\workspace\8-2-build-windows-amd64-cygwin\jdk8u111\7883\hotspot\src\share\vm\prims\jvm.cpp, line 1386]
Event: 0.200 Thread 0x00000000022ff000 Exception <a 'java/io/FileNotFoundException'> (0x00000000e589e3f0) thrown at [C:\re\workspace\8-2-build-windows-amd64-cygwin\jdk8u111\7883\hotspot\src\share\vm\prims\jni.cpp, line 709]
Event: 0.244 Thread 0x00000000022ff000 Exception <a 'java/lang/NoSuchFieldError': method resolution failed> (0x00000000e59ca670) thrown at [C:\re\workspace\8-2-build-windows-amd64-cygwin\jdk8u111\7883\hotspot\src\share\vm\prims\methodHandles.cpp, line 1146]
Event: 0.246 Thread 0x00000000022ff000 Exception <a 'java/lang/NoSuchFieldError': method resolution failed> (0x00000000e59d84e8) thrown at [C:\re\workspace\8-2-build-windows-amd64-cygwin\jdk8u111\7883\hotspot\src\share\vm\prims\methodHandles.cpp, line 1146]
Event: 0.334 Thread 0x00000000181ae000 Exception <a 'java/io/FileNotFoundException'> (0x00000000e5bc8790) thrown at [C:\re\workspace\8-2-build-windows-amd64-cygwin\jdk8u111\7883\hotspot\src\share\vm\prims\jni.cpp, line 709]
Event: 2.439 Thread 0x00000000181ae000 Exception <a 'java/lang/reflect/InvocationTargetException'> (0x00000000e60dbd98) thrown at [C:\re\workspace\8-2-build-windows-amd64-cygwin\jdk8u111\7883\hotspot\src\share\vm\runtime\reflection.cpp, line 1092]

Events (10 events):
Event: 2.511 loading class sun/awt/CausedFocusEvent
Event: 2.511 loading class sun/awt/CausedFocusEvent done
Event: 2.512 loading class java/util/concurrent/locks/LockSupport
Event: 2.512 loading class java/util/concurrent/locks/LockSupport done
Event: 2.532 loading class utils/ShaderUtils
Event: 2.532 loading class utils/ShaderUtils done
Event: 2.533 loading class utils/FileUtils
Event: 2.533 loading class utils/FileUtils done
Event: 2.538 loading class java/nio/HeapFloatBuffer
Event: 2.538 loading class java/nio/HeapFloatBuffer done


Dynamic libraries:
0x000000013fcb0000 - 0x000000013fce7000 	D:\evrthJAVA\jdk\bin\java.exe
0x00000000777a0000 - 0x000000007793f000 	C:\Windows\SYSTEM32\ntdll.dll
0x000007fef45e0000 - 0x000007fef4614000 	C:\Program Files\AVAST Software\Avast\x64\aswhooka.dll
0x0000000077680000 - 0x000000007779f000 	C:\Windows\system32\kernel32.dll
0x000007fefd5d0000 - 0x000007fefd63a000 	C:\Windows\system32\KERNELBASE.dll
0x000007fefdb30000 - 0x000007fefdc0b000 	C:\Windows\system32\ADVAPI32.dll
0x000007fefde60000 - 0x000007fefdeff000 	C:\Windows\system32\msvcrt.dll
0x000007fefede0000 - 0x000007fefedff000 	C:\Windows\SYSTEM32\sechost.dll
0x000007fefdce0000 - 0x000007fefde0d000 	C:\Windows\system32\RPCRT4.dll
0x0000000077580000 - 0x000000007767a000 	C:\Windows\system32\USER32.dll
0x000007feffa20000 - 0x000007feffa87000 	C:\Windows\system32\GDI32.dll
0x000007feff0d0000 - 0x000007feff0de000 	C:\Windows\system32\LPK.dll
0x000007fefec90000 - 0x000007fefed5b000 	C:\Windows\system32\USP10.dll
0x000007fefba30000 - 0x000007fefbc24000 	C:\Windows\WinSxS\amd64_microsoft.windows.common-controls_6595b64144ccf1df_6.0.7601.23403_none_e36ad4593102f066\COMCTL32.dll
0x000007fefda10000 - 0x000007fefda81000 	C:\Windows\system32\SHLWAPI.dll
0x000007feff1f0000 - 0x000007feff21e000 	C:\Windows\system32\IMM32.DLL
0x000007feff0e0000 - 0x000007feff1e9000 	C:\Windows\system32\MSCTF.dll
0x0000000057f70000 - 0x0000000058042000 	D:\evrthJAVA\jdk\jre\bin\msvcr100.dll
0x0000000053e60000 - 0x00000000546fa000 	D:\evrthJAVA\jdk\jre\bin\server\jvm.dll
0x000007fef81a0000 - 0x000007fef81a9000 	C:\Windows\system32\WSOCK32.dll
0x000007fefde10000 - 0x000007fefde5d000 	C:\Windows\system32\WS2_32.dll
0x000007fefdc10000 - 0x000007fefdc18000 	C:\Windows\system32\NSI.dll
0x000007fefa710000 - 0x000007fefa74b000 	C:\Windows\system32\WINMM.dll
0x000007fefc530000 - 0x000007fefc53c000 	C:\Windows\system32\VERSION.dll
0x0000000077940000 - 0x0000000077947000 	C:\Windows\system32\PSAPI.DLL
0x0000000071c70000 - 0x0000000071c7f000 	D:\evrthJAVA\jdk\jre\bin\verify.dll
0x0000000071c40000 - 0x0000000071c69000 	D:\evrthJAVA\jdk\jre\bin\java.dll
0x000000006f920000 - 0x000000006f943000 	D:\evrthJAVA\jdk\jre\bin\instrument.dll
0x000000006f900000 - 0x000000006f916000 	D:\evrthJAVA\jdk\jre\bin\zip.dll
0x000007fefdf00000 - 0x000007fefec8b000 	C:\Windows\system32\SHELL32.dll
0x000007feff220000 - 0x000007feff41d000 	C:\Windows\system32\ole32.dll
0x000007fefd480000 - 0x000007fefd48f000 	C:\Windows\system32\profapi.dll
0x000007fef77b0000 - 0x000007fef77ca000 	D:\evrthJAVA\IntelliJ IDEA Community Edition 2017.2\bin\breakgen64.dll
0x000000006c460000 - 0x000000006c47a000 	D:\evrthJAVA\jdk\jre\bin\net.dll
0x000007fefcc00000 - 0x000007fefcc55000 	C:\Windows\system32\mswsock.dll
0x000007fefcbf0000 - 0x000007fefcbf7000 	C:\Windows\System32\wship6.dll
0x0000000057dd0000 - 0x0000000057f68000 	D:\evrthJAVA\jdk\jre\bin\awt.dll
0x000007feff610000 - 0x000007feff6ea000 	C:\Windows\system32\OLEAUT32.dll
0x000007fefb760000 - 0x000007fefb7b6000 	C:\Windows\system32\uxtheme.dll
0x000007fefb370000 - 0x000007fefb388000 	C:\Windows\system32\dwmapi.dll
0x000007fefd2d0000 - 0x000007fefd2df000 	C:\Windows\system32\CRYPTBASE.dll
0x000007feedfe0000 - 0x000007feee1df000 	C:\Windows\system32\d3d9.dll
0x000007fefab70000 - 0x000007fefab77000 	C:\Windows\system32\d3d8thk.dll
0x000007fee2020000 - 0x000007fee30d6000 	C:\Windows\system32\nvd3dumx.dll
0x000007fefc0d0000 - 0x000007fefc0fc000 	C:\Windows\system32\powrprof.dll
0x000007fefd830000 - 0x000007fefda07000 	C:\Windows\system32\SETUPAPI.dll
0x000007fefd590000 - 0x000007fefd5c6000 	C:\Windows\system32\CFGMGR32.dll
0x000007fefd800000 - 0x000007fefd81a000 	C:\Windows\system32\DEVOBJ.dll
0x000007feef590000 - 0x000007feef6fc000 	C:\Program Files (x86)\NVIDIA Corporation\3D Vision\nvSCPAPI64.dll
0x000007fefcc60000 - 0x000007fefcc78000 	C:\Windows\system32\CRYPTSP.dll
0x000007fefc960000 - 0x000007fefc9a7000 	C:\Windows\system32\rsaenh.dll
0x000007fefd7b0000 - 0x000007fefd7cf000 	C:\Windows\system32\USERENV.dll
0x000007fefae90000 - 0x000007fefaeb7000 	C:\Windows\system32\IPHLPAPI.DLL
0x000007fefae80000 - 0x000007fefae8b000 	C:\Windows\system32\WINNSI.DLL
0x000007fefad80000 - 0x000007fefad91000 	C:\Windows\system32\dhcpcsvc6.DLL
0x000007fefad60000 - 0x000007fefad78000 	C:\Windows\system32\dhcpcsvc.DLL
0x000000006c440000 - 0x000000006c451000 	D:\evrthJAVA\jdk\jre\bin\nio.dll
0x000007fefd270000 - 0x000007fefd2c7000 	C:\Windows\system32\apphelp.dll
0x00000000637c0000 - 0x00000000637cd000 	C:\Users\K1TS\AppData\Local\Temp\jogamp_0000\file_cache\jln1935137567589591173\jln4415050633933034087\natives\windows-amd64\gluegen-rt.dll
0x000000006f8f0000 - 0x000000006f8f7000 	D:\evrthJAVA\jdk\jre\bin\jawt.dll
0x000000006a440000 - 0x000000006a44d000 	C:\Users\K1TS\AppData\Local\Temp\jogamp_0000\file_cache\jln1935137567589591173\jln4415050633933034087\natives\windows-amd64\nativewindow_awt.dll
0x000000006c100000 - 0x000000006c10f000 	C:\Users\K1TS\AppData\Local\Temp\jogamp_0000\file_cache\jln1935137567589591173\jln4415050633933034087\natives\windows-amd64\nativewindow_win32.dll
0x000007fef7980000 - 0x000007fef7a9d000 	C:\Windows\system32\OpenGL32.dll
0x000007fef7b90000 - 0x000007fef7bbd000 	C:\Windows\system32\GLU32.dll
0x000007fef7880000 - 0x000007fef7971000 	C:\Windows\system32\DDRAW.dll
0x000007fef7b80000 - 0x000007fef7b88000 	C:\Windows\system32\DCIMAN32.dll
0x0000000064500000 - 0x00000000645b1000 	C:\Users\K1TS\AppData\Local\Temp\jogamp_0000\file_cache\jln1935137567589591173\jln4415050633933034087\natives\windows-amd64\jogl_desktop.dll
0x0000000064340000 - 0x00000000643a2000 	C:\Users\K1TS\AppData\Local\Temp\jogamp_0000\file_cache\jln1935137567589591173\jln4415050633933034087\natives\windows-amd64\jogl_mobile.dll
0x0000000051380000 - 0x00000000531c7000 	C:\Windows\system32\nvoglv64.DLL
0x000007fefc6c0000 - 0x000007fefc6d1000 	C:\Windows\system32\WTSAPI32.dll
0x000007fefd490000 - 0x000007fefd4cb000 	C:\Windows\system32\WINTRUST.dll
0x000007fefd640000 - 0x000007fefd7ad000 	C:\Windows\system32\CRYPT32.dll
0x000007fefd470000 - 0x000007fefd47f000 	C:\Windows\system32\MSASN1.dll
0x000007fefbde0000 - 0x000007fefbe0d000 	C:\Windows\system32\ntmarta.dll
0x000007feff420000 - 0x000007feff472000 	C:\Windows\system32\WLDAP32.dll
0x000007fefd2e0000 - 0x000007fefd31d000 	C:\Windows\system32\WINSTA.dll
0x000000006c3f0000 - 0x000000006c437000 	D:\evrthJAVA\jdk\jre\bin\fontmanager.dll
0x000007feef050000 - 0x000007feef175000 	C:\Windows\system32\dbghelp.dll

VM Arguments:
jvm_args: -javaagent:D:\evrthJAVA\IntelliJ IDEA Community Edition 2017.2\lib\idea_rt.jar=52519:D:\evrthJAVA\IntelliJ IDEA Community Edition 2017.2\bin -Dfile.encoding=UTF-8 
java_command: ShaderLesson4
java_class_path (initial): D:\evrthJAVA\jdk\jre\lib\charsets.jar;D:\evrthJAVA\jdk\jre\lib\deploy.jar;D:\evrthJAVA\jdk\jre\lib\ext\access-bridge-64.jar;D:\evrthJAVA\jdk\jre\lib\ext\cldrdata.jar;D:\evrthJAVA\jdk\jre\lib\ext\dnsns.jar;D:\evrthJAVA\jdk\jre\lib\ext\jaccess.jar;D:\evrthJAVA\jdk\jre\lib\ext\jfxrt.jar;D:\evrthJAVA\jdk\jre\lib\ext\localedata.jar;D:\evrthJAVA\jdk\jre\lib\ext\nashorn.jar;D:\evrthJAVA\jdk\jre\lib\ext\sunec.jar;D:\evrthJAVA\jdk\jre\lib\ext\sunjce_provider.jar;D:\evrthJAVA\jdk\jre\lib\ext\sunmscapi.jar;D:\evrthJAVA\jdk\jre\lib\ext\sunpkcs11.jar;D:\evrthJAVA\jdk\jre\lib\ext\zipfs.jar;D:\evrthJAVA\jdk\jre\lib\javaws.jar;D:\evrthJAVA\jdk\jre\lib\jce.jar;D:\evrthJAVA\jdk\jre\lib\jfr.jar;D:\evrthJAVA\jdk\jre\lib\jfxswt.jar;D:\evrthJAVA\jdk\jre\lib\jsse.jar;D:\evrthJAVA\jdk\jre\lib\management-agent.jar;D:\evrthJAVA\jdk\jre\lib\plugin.jar;D:\evrthJAVA\jdk\jre\lib\resources.jar;D:\evrthJAVA\jdk\jre\lib\rt.jar;D:\evrthJAVA\JGraphics\Shader_lessons\advanced_shader_lessons\shader_lesson4\out\production\shader_lesson4;D:\evrthJAVA\JGraphics\Shader_lessons\Libs_for_shaders\jogl-all.jar;D:\evrthJAVA\JGraphics\Shader_lessons\Libs_for_shaders\gluegen-rt.jar;D:\evrthJAVA\JGraphics\Shader_lessons\Libs_for_shaders\jogl-java-src.zip;D:\evrthJAVA\JGraphics\Shader_lessons\Libs_for_shaders\gluegen-java-src.zip;D:\evrthJAVA\JGraphics\Shader_lessons\Libs_for_shaders\jogl-all-natives-windows-amd64.jar;D:\evrthJAVA\JGraphics\Shader_lessons\Libs_for_shaders\gluegen-rt-natives-windows-amd64.jar;D:\evrthJAVA\IntelliJ IDEA Community Edition 2017.2\lib\idea_rt.jar
Launcher Type: SUN_STANDARD

Environment Variables:
PATH=C:\Program Files\Common Files\Microsoft Shared\Windows Live;C:\Program Files (x86)\NVIDIA Corporation\PhysX\Common;C:\Program Files (x86)\Common Files\Oracle\Java\javapath;C:\ProgramData\Oracle\Java\javapath;C:\Windows\system32;C:\Windows;C:\Windows\System32\Wbem;C:\Windows\System32\WindowsPowerShell\v1.0\;C:\Program Files (x86)\Common Files\Acronis\SnapAPI\;D:\Program_files\Git\cmd;C:\Program Files\Common Files\Microsoft Shared\Windows Live
USERNAME=K1TS
OS=Windows_NT
PROCESSOR_IDENTIFIER=AMD64 Family 16 Model 5 Stepping 2, AuthenticAMD



---------------  S Y S T E M  ---------------

OS: Windows 7 , 64 bit Build 7601 (6.1.7601.24168)

CPU:total 4 (4 cores per cpu, 1 threads per core) family 16 model 5 stepping 2, cmov, cx8, fxsr, mmx, sse, sse2, sse3, popcnt, mmxext, 3dnowpref, lzcnt, sse4a, tsc, tscinvbit, tscinv

Memory: 4k page, physical 5241336k(1168544k free), swap 10480796k(4429408k free)

vm_info: Java HotSpot(TM) 64-Bit Server VM (25.111-b14) for windows-amd64 JRE (1.8.0_111-b14), built on Sep 22 2016 19:24:05 by "java_re" with MS VC++ 10.0 (VS2010)

time: Sat Aug 04 17:15:09 2018
elapsed time: 2 seconds (0d 0h 0m 2s)

